<?xml version="1.0" encoding="UTF-8"?>
<!-- Generated by org.testng.reporters.JUnitReportReporter -->
<testsuite hostname="RACB-6499" name="Driver_Script_Files.Negative_Login" tests="4" failures="0" timestamp="4 Aug 2015 12:25:45 GMT" time="33.638" errors="0">
  <testcase name="Negative_login_English_Without_UN_With_PWD" time="7.344" classname="Driver_Script_Files.Negative_Login"/>
  <testcase name="Negative_login_English_Invalid_UN_PWD" time="16.211" classname="Driver_Script_Files.Negative_Login"/>
  <testcase name="Negative_login_English_With_UN_Without_PWD" time="3.791" classname="Driver_Script_Files.Negative_Login"/>
  <testcase name="Negative_login_English_Without_UN_PWD" time="6.292" classname="Driver_Script_Files.Negative_Login"/>
</testsuite> <!-- Driver_Script_Files.Negative_Login -->
