<?xml version="1.0" encoding="UTF-8"?>
<!-- Generated by org.testng.reporters.JUnitReportReporter -->
<testsuite hostname="RACB-6499" name="util.BackUp" tests="1" failures="0" timestamp="18 Aug 2015 09:34:08 GMT" time="0.248" errors="0">
  <testcase name="Store_BackUp_Results" time="0.248" classname="util.BackUp"/>
</testsuite> <!-- util.BackUp -->
