<?xml version="1.0" encoding="UTF-8"?>
<!-- Generated by org.testng.reporters.JUnitReportReporter -->
<testsuite hostname="RACB-6499" name="Driver_Script_Files.Negative_Login_Diff_Lang" tests="4" failures="0" timestamp="3 Aug 2015 09:58:16 GMT" time="33.998" errors="0">
  <testcase name="Negative_login_English_With_UN_Without_PWD" time="3.786" classname="Driver_Script_Files.Negative_Login_Diff_Lang"/>
  <testcase name="Negative_login_English_Without_UN_PWD" time="6.265" classname="Driver_Script_Files.Negative_Login_Diff_Lang"/>
  <testcase name="Negative_login_English_Invalid_UN_PWD" time="16.597" classname="Driver_Script_Files.Negative_Login_Diff_Lang"/>
  <testcase name="Negative_login_English_Without_UN_With_PWD" time="7.350" classname="Driver_Script_Files.Negative_Login_Diff_Lang"/>
</testsuite> <!-- Driver_Script_Files.Negative_Login_Diff_Lang -->
