<?xml version="1.0" encoding="UTF-8"?>
<!-- Generated by org.testng.reporters.JUnitReportReporter -->
<testsuite hostname="RACB-6499" name="Utilitys.BackUp" tests="1" failures="0" timestamp="5 Aug 2015 07:29:36 GMT" time="28.047" errors="0">
  <testcase name="Store_BackUp_Results" time="28.047" classname="Utilitys.BackUp"/>
</testsuite> <!-- Utilitys.BackUp -->
