<?xml version="1.0" encoding="UTF-8"?>
<!-- Generated by org.testng.reporters.JUnitReportReporter -->
<testsuite hostname="RACB-6499" name="Driver_Script_Files.Login" tests="5" failures="0" timestamp="5 Aug 2015 08:40:59 GMT" time="55.258" errors="0">
  <testcase name="login" time="21.650" classname="Driver_Script_Files.Login"/>
  <testcase name="Negative_login_English_With_UN_Without_PWD" time="3.834" classname="Driver_Script_Files.Login"/>
  <testcase name="Negative_login_English_Invalid_UN_PWD" time="16.109" classname="Driver_Script_Files.Login"/>
  <testcase name="Negative_login_English_Without_UN_PWD" time="6.308" classname="Driver_Script_Files.Login"/>
  <testcase name="Negative_login_English_Without_UN_With_PWD" time="7.357" classname="Driver_Script_Files.Login"/>
</testsuite> <!-- Driver_Script_Files.Login -->
