<?xml version="1.0" encoding="UTF-8"?>
<!-- Generated by org.testng.reporters.JUnitReportReporter -->
<testsuite hostname="RACB-6499" name="Driver_Script_Files.Login_Logout" tests="1" failures="0" timestamp="3 Aug 2015 09:58:16 GMT" time="19.347" errors="0">
  <testcase name="login" time="19.347" classname="Driver_Script_Files.Login_Logout"/>
</testsuite> <!-- Driver_Script_Files.Login_Logout -->
