<?xml version="1.0" encoding="UTF-8"?>
<!-- Generated by org.testng.reporters.JUnitReportReporter -->
<testsuite hostname="Ameets-MacBook-Air.local" name="util.BackUp" tests="1" failures="0" timestamp="18 Nov 2015 09:20:31 GMT" time="0.080" errors="0">
  <testcase name="Store_BackUp_Results" time="0.080" classname="util.BackUp"/>
</testsuite> <!-- util.BackUp -->
