<?xml version="1.0" encoding="UTF-8"?>
<!-- Generated by org.testng.reporters.JUnitReportReporter -->
<testsuite hostname="Ameets-MacBook-Air.local" name="scripts.objectmap_login" tests="2" failures="0" timestamp="27 Nov 2015 05:47:37 GMT" time="21.881" errors="0">
  <testcase name="FoodOrder" time="12.744" classname="scripts.objectmap_login"/>
  <testcase name="login" time="9.137" classname="scripts.objectmap_login"/>
</testsuite> <!-- scripts.objectmap_login -->
