<?xml version="1.0" encoding="UTF-8"?>
<!-- Generated by org.testng.reporters.JUnitReportReporter -->
<testsuite hostname="Ameets-MacBook-Air.local" name="scripts.Scenario1" tests="1" failures="0" timestamp="17 Nov 2015 07:32:26 GMT" time="10.175" errors="0">
  <testcase name="login" time="10.175" classname="scripts.Scenario1"/>
</testsuite> <!-- scripts.Scenario1 -->
